2025-03-07 17:05:15,838 [Worker-1: Loading available Gradle versions] INFO  o.e.b.c.i.u.g.PublishedGradleVersions - Gradle version information cache is not available. Remote download required.
2025-03-07 17:05:38,992 [Worker-5: Building] INFO  o.e.m.c.i.l.LifecycleMappingFactory - Using org.eclipse.m2e.jdt.JarLifecycleMapping lifecycle mapping for MavenProject: com.x:x:0.0.1-SNAPSHOT @ C:\Users\Aakash\Desktop\TWITER\Backend\x\pom.xml.
2025-03-07 17:05:41,841 [Worker-5: Building] INFO  o.a.m.s.f.DefaultMavenResourcesFiltering - Copying 1 resource from src\main\resources to target\classes
2025-03-07 17:05:41,871 [Worker-5: Building] INFO  o.a.m.s.f.DefaultMavenResourcesFiltering - Copying 0 resource from src\main\resources to target\classes
2025-03-07 17:05:41,880 [Worker-5: Building] INFO  o.a.m.s.f.DefaultMavenResourcesFiltering - skip non existing resourceDirectory C:\Users\Aakash\Desktop\TWITER\Backend\x\src\test\resources
2025-03-07 17:05:44,356 [Worker-0: Building] INFO  o.a.m.s.f.DefaultMavenResourcesFiltering - Copying 1 resource from src\main\resources to target\classes
2025-03-07 17:05:44,360 [Worker-0: Building] INFO  o.a.m.s.f.DefaultMavenResourcesFiltering - Copying 0 resource from src\main\resources to target\classes
2025-03-07 17:05:44,369 [Worker-0: Building] INFO  o.a.m.s.f.DefaultMavenResourcesFiltering - skip non existing resourceDirectory C:\Users\Aakash\Desktop\TWITER\Backend\x\src\test\resources
2025-03-07 17:12:20,495 [Worker-1: Building] INFO  o.a.m.s.f.DefaultMavenResourcesFiltering - Copying 1 resource from src\main\resources to target\classes
2025-03-07 17:12:20,502 [Worker-1: Building] INFO  o.a.m.s.f.DefaultMavenResourcesFiltering - Copying 0 resource from src\main\resources to target\classes
2025-03-07 17:12:20,510 [Worker-1: Building] INFO  o.a.m.s.f.DefaultMavenResourcesFiltering - skip non existing resourceDirectory C:\Users\Aakash\Desktop\TWITER\Backend\x\src\test\resources
2025-03-07 17:13:00,875 [Worker-1: Launching Executing install in C__Users_Aakash_Desktop_TWITER_Backend_x] INFO  o.eclipse.m2e.core.internal.Bundles - getClasspathEntries(Bundle=org.eclipse.m2e.maven.runtime_3.9.900.20240824-1409 [360])
2025-03-07 17:13:00,882 [Worker-1: Launching Executing install in C__Users_Aakash_Desktop_TWITER_Backend_x] INFO  o.eclipse.m2e.core.internal.Bundles - 	Entry: C:\sts-4.26.0.RELEASE\plugins\org.eclipse.m2e.maven.runtime_3.9.900.20240824-1409
2025-03-07 17:13:00,883 [Worker-1: Launching Executing install in C__Users_Aakash_Desktop_TWITER_Backend_x] INFO  o.eclipse.m2e.core.internal.Bundles - 	Entry: C:\sts-4.26.0.RELEASE\plugins\org.eclipse.m2e.maven.runtime_3.9.900.20240824-1409\jars\aopalliance-1.0.jar
2025-03-07 17:13:00,884 [Worker-1: Launching Executing install in C__Users_Aakash_Desktop_TWITER_Backend_x] INFO  o.eclipse.m2e.core.internal.Bundles - 	Entry: C:\sts-4.26.0.RELEASE\plugins\org.eclipse.m2e.maven.runtime_3.9.900.20240824-1409\jars\guice-5.1.0.jar
2025-03-07 17:13:00,885 [Worker-1: Launching Executing install in C__Users_Aakash_Desktop_TWITER_Backend_x] INFO  o.eclipse.m2e.core.internal.Bundles - 	Entry: C:\sts-4.26.0.RELEASE\plugins\org.eclipse.m2e.maven.runtime_3.9.900.20240824-1409\jars\httpclient-4.5.14.jar
2025-03-07 17:13:00,886 [Worker-1: Launching Executing install in C__Users_Aakash_Desktop_TWITER_Backend_x] INFO  o.eclipse.m2e.core.internal.Bundles - 	Entry: C:\sts-4.26.0.RELEASE\plugins\org.eclipse.m2e.maven.runtime_3.9.900.20240824-1409\jars\httpcore-4.4.16.jar
2025-03-07 17:13:00,887 [Worker-1: Launching Executing install in C__Users_Aakash_Desktop_TWITER_Backend_x] INFO  o.eclipse.m2e.core.internal.Bundles - 	Entry: C:\sts-4.26.0.RELEASE\plugins\org.eclipse.m2e.maven.runtime_3.9.900.20240824-1409\jars\jansi-2.4.1.jar
2025-03-07 17:13:00,887 [Worker-1: Launching Executing install in C__Users_Aakash_Desktop_TWITER_Backend_x] INFO  o.eclipse.m2e.core.internal.Bundles - 	Entry: C:\sts-4.26.0.RELEASE\plugins\org.eclipse.m2e.maven.runtime_3.9.900.20240824-1409\jars\jcl-over-slf4j-1.7.36.jar
2025-03-07 17:13:00,888 [Worker-1: Launching Executing install in C__Users_Aakash_Desktop_TWITER_Backend_x] INFO  o.eclipse.m2e.core.internal.Bundles - 	Entry: C:\sts-4.26.0.RELEASE\plugins\org.eclipse.m2e.maven.runtime_3.9.900.20240824-1409\jars\maven-artifact-3.9.9.jar
2025-03-07 17:13:00,888 [Worker-1: Launching Executing install in C__Users_Aakash_Desktop_TWITER_Backend_x] INFO  o.eclipse.m2e.core.internal.Bundles - 	Entry: C:\sts-4.26.0.RELEASE\plugins\org.eclipse.m2e.maven.runtime_3.9.900.20240824-1409\jars\maven-builder-support-3.9.9.jar
2025-03-07 17:13:00,888 [Worker-1: Launching Executing install in C__Users_Aakash_Desktop_TWITER_Backend_x] INFO  o.eclipse.m2e.core.internal.Bundles - 	Entry: C:\sts-4.26.0.RELEASE\plugins\org.eclipse.m2e.maven.runtime_3.9.900.20240824-1409\jars\maven-compat-3.9.9.jar
2025-03-07 17:13:00,889 [Worker-1: Launching Executing install in C__Users_Aakash_Desktop_TWITER_Backend_x] INFO  o.eclipse.m2e.core.internal.Bundles - 	Entry: C:\sts-4.26.0.RELEASE\plugins\org.eclipse.m2e.maven.runtime_3.9.900.20240824-1409\jars\maven-core-3.9.9.jar
2025-03-07 17:13:00,889 [Worker-1: Launching Executing install in C__Users_Aakash_Desktop_TWITER_Backend_x] INFO  o.eclipse.m2e.core.internal.Bundles - 	Entry: C:\sts-4.26.0.RELEASE\plugins\org.eclipse.m2e.maven.runtime_3.9.900.20240824-1409\jars\maven-embedder-3.9.9.jar
2025-03-07 17:13:00,889 [Worker-1: Launching Executing install in C__Users_Aakash_Desktop_TWITER_Backend_x] INFO  o.eclipse.m2e.core.internal.Bundles - 	Entry: C:\sts-4.26.0.RELEASE\plugins\org.eclipse.m2e.maven.runtime_3.9.900.20240824-1409\jars\maven-model-3.9.9.jar
2025-03-07 17:13:00,890 [Worker-1: Launching Executing install in C__Users_Aakash_Desktop_TWITER_Backend_x] INFO  o.eclipse.m2e.core.internal.Bundles - 	Entry: C:\sts-4.26.0.RELEASE\plugins\org.eclipse.m2e.maven.runtime_3.9.900.20240824-1409\jars\maven-model-builder-3.9.9.jar
2025-03-07 17:13:00,890 [Worker-1: Launching Executing install in C__Users_Aakash_Desktop_TWITER_Backend_x] INFO  o.eclipse.m2e.core.internal.Bundles - 	Entry: C:\sts-4.26.0.RELEASE\plugins\org.eclipse.m2e.maven.runtime_3.9.900.20240824-1409\jars\maven-plugin-api-3.9.9.jar
2025-03-07 17:13:00,891 [Worker-1: Launching Executing install in C__Users_Aakash_Desktop_TWITER_Backend_x] INFO  o.eclipse.m2e.core.internal.Bundles - 	Entry: C:\sts-4.26.0.RELEASE\plugins\org.eclipse.m2e.maven.runtime_3.9.900.20240824-1409\jars\maven-repository-metadata-3.9.9.jar
2025-03-07 17:13:00,891 [Worker-1: Launching Executing install in C__Users_Aakash_Desktop_TWITER_Backend_x] INFO  o.eclipse.m2e.core.internal.Bundles - 	Entry: C:\sts-4.26.0.RELEASE\plugins\org.eclipse.m2e.maven.runtime_3.9.900.20240824-1409\jars\maven-resolver-api-1.9.22.jar
2025-03-07 17:13:00,891 [Worker-1: Launching Executing install in C__Users_Aakash_Desktop_TWITER_Backend_x] INFO  o.eclipse.m2e.core.internal.Bundles - 	Entry: C:\sts-4.26.0.RELEASE\plugins\org.eclipse.m2e.maven.runtime_3.9.900.20240824-1409\jars\maven-resolver-connector-basic-1.9.22.jar
2025-03-07 17:13:00,892 [Worker-1: Launching Executing install in C__Users_Aakash_Desktop_TWITER_Backend_x] INFO  o.eclipse.m2e.core.internal.Bundles - 	Entry: C:\sts-4.26.0.RELEASE\plugins\org.eclipse.m2e.maven.runtime_3.9.900.20240824-1409\jars\maven-resolver-impl-1.9.22.jar
2025-03-07 17:13:00,893 [Worker-1: Launching Executing install in C__Users_Aakash_Desktop_TWITER_Backend_x] INFO  o.eclipse.m2e.core.internal.Bundles - 	Entry: C:\sts-4.26.0.RELEASE\plugins\org.eclipse.m2e.maven.runtime_3.9.900.20240824-1409\jars\maven-resolver-named-locks-1.9.22.jar
2025-03-07 17:13:00,893 [Worker-1: Launching Executing install in C__Users_Aakash_Desktop_TWITER_Backend_x] INFO  o.eclipse.m2e.core.internal.Bundles - 	Entry: C:\sts-4.26.0.RELEASE\plugins\org.eclipse.m2e.maven.runtime_3.9.900.20240824-1409\jars\maven-resolver-provider-3.9.9.jar
2025-03-07 17:13:00,894 [Worker-1: Launching Executing install in C__Users_Aakash_Desktop_TWITER_Backend_x] INFO  o.eclipse.m2e.core.internal.Bundles - 	Entry: C:\sts-4.26.0.RELEASE\plugins\org.eclipse.m2e.maven.runtime_3.9.900.20240824-1409\jars\maven-resolver-spi-1.9.22.jar
2025-03-07 17:13:00,894 [Worker-1: Launching Executing install in C__Users_Aakash_Desktop_TWITER_Backend_x] INFO  o.eclipse.m2e.core.internal.Bundles - 	Entry: C:\sts-4.26.0.RELEASE\plugins\org.eclipse.m2e.maven.runtime_3.9.900.20240824-1409\jars\maven-resolver-transport-file-1.9.22.jar
2025-03-07 17:13:00,895 [Worker-1: Launching Executing install in C__Users_Aakash_Desktop_TWITER_Backend_x] INFO  o.eclipse.m2e.core.internal.Bundles - 	Entry: C:\sts-4.26.0.RELEASE\plugins\org.eclipse.m2e.maven.runtime_3.9.900.20240824-1409\jars\maven-resolver-transport-http-1.9.22.jar
2025-03-07 17:13:00,896 [Worker-1: Launching Executing install in C__Users_Aakash_Desktop_TWITER_Backend_x] INFO  o.eclipse.m2e.core.internal.Bundles - 	Entry: C:\sts-4.26.0.RELEASE\plugins\org.eclipse.m2e.maven.runtime_3.9.900.20240824-1409\jars\maven-resolver-transport-wagon-1.9.22.jar
2025-03-07 17:13:00,897 [Worker-1: Launching Executing install in C__Users_Aakash_Desktop_TWITER_Backend_x] INFO  o.eclipse.m2e.core.internal.Bundles - 	Entry: C:\sts-4.26.0.RELEASE\plugins\org.eclipse.m2e.maven.runtime_3.9.900.20240824-1409\jars\maven-resolver-util-1.9.22.jar
2025-03-07 17:13:00,897 [Worker-1: Launching Executing install in C__Users_Aakash_Desktop_TWITER_Backend_x] INFO  o.eclipse.m2e.core.internal.Bundles - 	Entry: C:\sts-4.26.0.RELEASE\plugins\org.eclipse.m2e.maven.runtime_3.9.900.20240824-1409\jars\maven-settings-3.9.9.jar
2025-03-07 17:13:00,898 [Worker-1: Launching Executing install in C__Users_Aakash_Desktop_TWITER_Backend_x] INFO  o.eclipse.m2e.core.internal.Bundles - 	Entry: C:\sts-4.26.0.RELEASE\plugins\org.eclipse.m2e.maven.runtime_3.9.900.20240824-1409\jars\maven-settings-builder-3.9.9.jar
2025-03-07 17:13:00,899 [Worker-1: Launching Executing install in C__Users_Aakash_Desktop_TWITER_Backend_x] INFO  o.eclipse.m2e.core.internal.Bundles - 	Entry: C:\sts-4.26.0.RELEASE\plugins\org.eclipse.m2e.maven.runtime_3.9.900.20240824-1409\jars\maven-shared-utils-3.4.2.jar
2025-03-07 17:13:00,899 [Worker-1: Launching Executing install in C__Users_Aakash_Desktop_TWITER_Backend_x] INFO  o.eclipse.m2e.core.internal.Bundles - 	Entry: C:\sts-4.26.0.RELEASE\plugins\org.eclipse.m2e.maven.runtime_3.9.900.20240824-1409\jars\org.eclipse.sisu.inject-0.9.0.M3.jar
2025-03-07 17:13:00,900 [Worker-1: Launching Executing install in C__Users_Aakash_Desktop_TWITER_Backend_x] INFO  o.eclipse.m2e.core.internal.Bundles - 	Entry: C:\sts-4.26.0.RELEASE\plugins\org.eclipse.m2e.maven.runtime_3.9.900.20240824-1409\jars\org.eclipse.sisu.plexus-0.9.0.M3.jar
2025-03-07 17:13:00,900 [Worker-1: Launching Executing install in C__Users_Aakash_Desktop_TWITER_Backend_x] INFO  o.eclipse.m2e.core.internal.Bundles - 	Entry: C:\sts-4.26.0.RELEASE\plugins\org.eclipse.m2e.maven.runtime_3.9.900.20240824-1409\jars\plexus-build-api-0.0.7.jar
2025-03-07 17:13:00,901 [Worker-1: Launching Executing install in C__Users_Aakash_Desktop_TWITER_Backend_x] INFO  o.eclipse.m2e.core.internal.Bundles - 	Entry: C:\sts-4.26.0.RELEASE\plugins\org.eclipse.m2e.maven.runtime_3.9.900.20240824-1409\jars\plexus-build-api-1.2.0.jar
2025-03-07 17:13:00,901 [Worker-1: Launching Executing install in C__Users_Aakash_Desktop_TWITER_Backend_x] INFO  o.eclipse.m2e.core.internal.Bundles - 	Entry: C:\sts-4.26.0.RELEASE\plugins\org.eclipse.m2e.maven.runtime_3.9.900.20240824-1409\jars\plexus-cipher-2.0.jar
2025-03-07 17:13:00,901 [Worker-1: Launching Executing install in C__Users_Aakash_Desktop_TWITER_Backend_x] INFO  o.eclipse.m2e.core.internal.Bundles - 	Entry: C:\sts-4.26.0.RELEASE\plugins\org.eclipse.m2e.maven.runtime_3.9.900.20240824-1409\jars\plexus-classworlds-2.8.0.jar
2025-03-07 17:13:00,901 [Worker-1: Launching Executing install in C__Users_Aakash_Desktop_TWITER_Backend_x] INFO  o.eclipse.m2e.core.internal.Bundles - 	Entry: C:\sts-4.26.0.RELEASE\plugins\org.eclipse.m2e.maven.runtime_3.9.900.20240824-1409\jars\plexus-component-annotations-2.1.0.jar
2025-03-07 17:13:00,902 [Worker-1: Launching Executing install in C__Users_Aakash_Desktop_TWITER_Backend_x] INFO  o.eclipse.m2e.core.internal.Bundles - 	Entry: C:\sts-4.26.0.RELEASE\plugins\org.eclipse.m2e.maven.runtime_3.9.900.20240824-1409\jars\plexus-interpolation-1.27.jar
2025-03-07 17:13:00,902 [Worker-1: Launching Executing install in C__Users_Aakash_Desktop_TWITER_Backend_x] INFO  o.eclipse.m2e.core.internal.Bundles - 	Entry: C:\sts-4.26.0.RELEASE\plugins\org.eclipse.m2e.maven.runtime_3.9.900.20240824-1409\jars\plexus-sec-dispatcher-2.0.jar
2025-03-07 17:13:00,903 [Worker-1: Launching Executing install in C__Users_Aakash_Desktop_TWITER_Backend_x] INFO  o.eclipse.m2e.core.internal.Bundles - 	Entry: C:\sts-4.26.0.RELEASE\plugins\org.eclipse.m2e.maven.runtime_3.9.900.20240824-1409\jars\plexus-utils-3.5.1.jar
2025-03-07 17:13:00,903 [Worker-1: Launching Executing install in C__Users_Aakash_Desktop_TWITER_Backend_x] INFO  o.eclipse.m2e.core.internal.Bundles - 	Entry: C:\sts-4.26.0.RELEASE\plugins\org.eclipse.m2e.maven.runtime_3.9.900.20240824-1409\jars\plexus-xml-3.0.1.jar
2025-03-07 17:13:00,904 [Worker-1: Launching Executing install in C__Users_Aakash_Desktop_TWITER_Backend_x] INFO  o.eclipse.m2e.core.internal.Bundles - 	Entry: C:\sts-4.26.0.RELEASE\plugins\org.eclipse.m2e.maven.runtime_3.9.900.20240824-1409\jars\wagon-file-3.5.3.jar
2025-03-07 17:13:00,904 [Worker-1: Launching Executing install in C__Users_Aakash_Desktop_TWITER_Backend_x] INFO  o.eclipse.m2e.core.internal.Bundles - 	Entry: C:\sts-4.26.0.RELEASE\plugins\org.eclipse.m2e.maven.runtime_3.9.900.20240824-1409\jars\wagon-http-3.5.3.jar
2025-03-07 17:13:00,905 [Worker-1: Launching Executing install in C__Users_Aakash_Desktop_TWITER_Backend_x] INFO  o.eclipse.m2e.core.internal.Bundles - 	Entry: C:\sts-4.26.0.RELEASE\plugins\org.eclipse.m2e.maven.runtime_3.9.900.20240824-1409\jars\wagon-http-shared-3.5.3.jar
2025-03-07 17:13:00,905 [Worker-1: Launching Executing install in C__Users_Aakash_Desktop_TWITER_Backend_x] INFO  o.eclipse.m2e.core.internal.Bundles - 	Entry: C:\sts-4.26.0.RELEASE\plugins\org.eclipse.m2e.maven.runtime_3.9.900.20240824-1409\jars\wagon-provider-api-3.5.3.jar
2025-03-07 17:13:00,909 [Worker-1: Launching Executing install in C__Users_Aakash_Desktop_TWITER_Backend_x] INFO  o.eclipse.m2e.core.internal.Bundles - getClasspathEntries(Bundle=com.google.guava_33.3.0.jre [29])
2025-03-07 17:13:00,910 [Worker-1: Launching Executing install in C__Users_Aakash_Desktop_TWITER_Backend_x] INFO  o.eclipse.m2e.core.internal.Bundles - 	Entry: C:\sts-4.26.0.RELEASE\plugins\com.google.guava_33.3.0.jre.jar
2025-03-07 17:13:00,910 [Worker-1: Launching Executing install in C__Users_Aakash_Desktop_TWITER_Backend_x] INFO  o.eclipse.m2e.core.internal.Bundles - getClasspathEntries(Bundle=slf4j.api_2.0.16 [593])
2025-03-07 17:13:00,910 [Worker-1: Launching Executing install in C__Users_Aakash_Desktop_TWITER_Backend_x] INFO  o.eclipse.m2e.core.internal.Bundles - 	Entry: C:\sts-4.26.0.RELEASE\plugins\slf4j.api_2.0.16.jar
2025-03-07 17:13:00,910 [Worker-1: Launching Executing install in C__Users_Aakash_Desktop_TWITER_Backend_x] INFO  o.eclipse.m2e.core.internal.Bundles - getClasspathEntries(Bundle=jakarta.inject.jakarta.inject-api_1.0.5 [45])
2025-03-07 17:13:00,911 [Worker-1: Launching Executing install in C__Users_Aakash_Desktop_TWITER_Backend_x] INFO  o.eclipse.m2e.core.internal.Bundles - 	Entry: C:\sts-4.26.0.RELEASE\plugins\jakarta.inject.jakarta.inject-api_1.0.5.jar
2025-03-07 17:13:00,911 [Worker-1: Launching Executing install in C__Users_Aakash_Desktop_TWITER_Backend_x] INFO  o.eclipse.m2e.core.internal.Bundles - getClasspathEntries(Bundle=jakarta.annotation-api_1.3.5 [41])
2025-03-07 17:13:00,911 [Worker-1: Launching Executing install in C__Users_Aakash_Desktop_TWITER_Backend_x] INFO  o.eclipse.m2e.core.internal.Bundles - 	Entry: C:\sts-4.26.0.RELEASE\plugins\jakarta.annotation-api_1.3.5.jar
2025-03-07 17:13:00,911 [Worker-1: Launching Executing install in C__Users_Aakash_Desktop_TWITER_Backend_x] INFO  o.eclipse.m2e.core.internal.Bundles - getClasspathEntries(Bundle=org.apache.commons.cli_1.9.0 [77])
2025-03-07 17:13:00,911 [Worker-1: Launching Executing install in C__Users_Aakash_Desktop_TWITER_Backend_x] INFO  o.eclipse.m2e.core.internal.Bundles - 	Entry: C:\sts-4.26.0.RELEASE\plugins\org.apache.commons.cli_1.9.0.jar
2025-03-07 17:13:00,912 [Worker-1: Launching Executing install in C__Users_Aakash_Desktop_TWITER_Backend_x] INFO  o.eclipse.m2e.core.internal.Bundles - getClasspathEntries(Bundle=org.apache.commons.commons-codec_1.16.0 [80])
2025-03-07 17:13:00,912 [Worker-1: Launching Executing install in C__Users_Aakash_Desktop_TWITER_Backend_x] INFO  o.eclipse.m2e.core.internal.Bundles - 	Entry: C:\sts-4.26.0.RELEASE\plugins\org.apache.commons.commons-codec_1.16.0.jar
2025-03-07 17:13:00,912 [Worker-1: Launching Executing install in C__Users_Aakash_Desktop_TWITER_Backend_x] INFO  o.eclipse.m2e.core.internal.Bundles - getClasspathEntries(Bundle=com.google.guava.failureaccess_1.0.2 [30])
2025-03-07 17:13:00,913 [Worker-1: Launching Executing install in C__Users_Aakash_Desktop_TWITER_Backend_x] INFO  o.eclipse.m2e.core.internal.Bundles - 	Entry: C:\sts-4.26.0.RELEASE\plugins\com.google.guava.failureaccess_1.0.2.jar
2025-03-07 17:13:00,926 [Worker-1: Launching Executing install in C__Users_Aakash_Desktop_TWITER_Backend_x] INFO  o.e.m.i.launch.MavenLaunchDelegate - Run build in "C:\Users\Aakash\Desktop\TWITER\Backend\x":
2025-03-07 17:13:00,928 [Worker-1: Launching Executing install in C__Users_Aakash_Desktop_TWITER_Backend_x] INFO  o.e.m.i.launch.MavenLaunchDelegate -  mvn  -B -Dstyle.color=always install
2025-03-07 17:17:25,302 [Worker-0: Building] INFO  o.a.m.s.f.DefaultMavenResourcesFiltering - Copying 1 resource from src\main\resources to target\classes
2025-03-07 17:17:25,326 [Worker-0: Building] INFO  o.a.m.s.f.DefaultMavenResourcesFiltering - Copying 0 resource from src\main\resources to target\classes
2025-03-07 17:17:25,332 [Worker-0: Building] INFO  o.a.m.s.f.DefaultMavenResourcesFiltering - skip non existing resourceDirectory C:\Users\Aakash\Desktop\TWITER\Backend\x\src\test\resources
2025-03-07 17:18:58,396 [Worker-0: Loading available Gradle versions] INFO  o.e.b.c.i.u.g.PublishedGradleVersions - Gradle version information cache is up-to-date. Trying to read.
2025-03-08 13:11:39,783 [Worker-4: Loading available Gradle versions] INFO  o.e.b.c.i.u.g.PublishedGradleVersions - Gradle version information cache is up-to-date. Trying to read.
